<?xml version="1.0" encoding="UTF-8"?>
<testng-results ignored="0" total="1" passed="1" failed="0" skipped="0">
  <reporter-output>
  </reporter-output>
  <suite started-at="2024-01-09T09:59:51 IST" name="Default suite" finished-at="2024-01-09T10:02:55 IST" duration-ms="183358">
    <groups>
    </groups>
    <test started-at="2024-01-09T09:59:51 IST" name="Default test" finished-at="2024-01-09T10:02:55 IST" duration-ms="183358">
      <class name="ATecommerce_project.Proj1.Test1">
        <test-method is-config="true" signature="Browsersetup()[pri:0, instance:ATecommerce_project.Proj1.Test1@304bb45b]" started-at="2024-01-09T09:59:51 IST" name="Browsersetup" finished-at="2024-01-09T09:59:54 IST" duration-ms="2962" status="PASS">
          <reporter-output>
          </reporter-output>
        </test-method> <!-- Browsersetup -->
        <test-method signature="Signup()[pri:0, instance:ATecommerce_project.Proj1.Test1@304bb45b]" started-at="2024-01-09T09:59:54 IST" name="Signup" finished-at="2024-01-09T10:02:55 IST" duration-ms="180357" status="PASS">
          <reporter-output>
          </reporter-output>
        </test-method> <!-- Signup -->
        <test-method is-config="true" signature="browser_close()[pri:0, instance:ATecommerce_project.Proj1.Test1@304bb45b]" started-at="2024-01-09T10:02:55 IST" name="browser_close" finished-at="2024-01-09T10:02:55 IST" duration-ms="0" status="PASS">
          <reporter-output>
          </reporter-output>
        </test-method> <!-- browser_close -->
      </class> <!-- ATecommerce_project.Proj1.Test1 -->
    </test> <!-- Default test -->
  </suite> <!-- Default suite -->
</testng-results>
